<?xml version="1.0" encoding="UTF-8"?>
<testsuite name="ArmstrongNumbersTest" tests="9" skipped="0" failures="0" errors="0" timestamp="2020-01-06T19:22:00" hostname="ELSLOWL-7038293" time="0.006">
  <properties/>
  <testcase name="threeDigitNumberIsNotArmstrongNumber" classname="ArmstrongNumbersTest" time="0.001"/>
  <testcase name="sevenDigitNumberIsNotArmstrongNumber" classname="ArmstrongNumbersTest" time="0.0"/>
  <testcase name="noTwoDigitArmstrongNumbers" classname="ArmstrongNumbersTest" time="0.0"/>
  <testcase name="singleDigitsAreArmstrongNumbers" classname="ArmstrongNumbersTest" time="0.0"/>
  <testcase name="zeroIsArmstrongNumber" classname="ArmstrongNumbersTest" time="0.0"/>
  <testcase name="sevenDigitNumberIsArmstrongNumber" classname="ArmstrongNumbersTest" time="0.0"/>
  <testcase name="fourDigitNumberIsNotArmstrongNumber" classname="ArmstrongNumbersTest" time="0.0"/>
  <testcase name="fourDigitNumberIsArmstrongNumber" classname="ArmstrongNumbersTest" time="0.0"/>
  <testcase name="threeDigitNumberIsArmstrongNumber" classname="ArmstrongNumbersTest" time="0.001"/>
  <system-out><![CDATA[]]></system-out>
  <system-err><![CDATA[]]></system-err>
</testsuite>
