<?xml version="1.0" encoding="UTF-8"?>
<testsuite name="ReverseStringTest" tests="6" skipped="0" failures="0" errors="0" timestamp="2020-01-02T14:39:48" hostname="ELSLOWL-7038293" time="0.008">
  <properties/>
  <testcase name="testAWord" classname="ReverseStringTest" time="0.005"/>
  <testcase name="testAnEmptyString" classname="ReverseStringTest" time="0.0"/>
  <testcase name="testACapitalizedWord" classname="ReverseStringTest" time="0.001"/>
  <testcase name="testASentenceWithPunctuation" classname="ReverseStringTest" time="0.0"/>
  <testcase name="testAPalindrome" classname="ReverseStringTest" time="0.001"/>
  <testcase name="testAnEvenSizedWord" classname="ReverseStringTest" time="0.001"/>
  <system-out><![CDATA[tobor

nemaR
!yrgnuh m'I
racecar
reward
]]></system-out>
  <system-err><![CDATA[]]></system-err>
</testsuite>
